  [1m[36m (1.7ms)[0m  [1mCREATE TABLE "schema_migrations" ("version" varchar NOT NULL) [0m
  [1m[35m (0.1ms)[0m  select sqlite_version(*)
  [1m[36m (1.6ms)[0m  [1mCREATE UNIQUE INDEX "unique_schema_migrations" ON "schema_migrations" ("version")[0m
  [1m[35mActiveRecord::SchemaMigration Load (0.1ms)[0m  SELECT "schema_migrations".* FROM "schema_migrations"


Started GET "/" for ::1 at 2015-11-17 17:47:54 -0600
Processing by Rails::WelcomeController#index as HTML
  Rendered /Users/admin/.rvm/gems/ruby-2.1.2/gems/railties-4.2.3/lib/rails/templates/rails/welcome/index.html.erb (2.8ms)
Completed 200 OK in 27ms (Views: 19.4ms | ActiveRecord: 0.0ms)
  [1m[36mActiveRecord::SchemaMigration Load (0.1ms)[0m  [1mSELECT "schema_migrations".* FROM "schema_migrations"[0m
Migrating to CreateStudents (1)
  [1m[35m (0.1ms)[0m  begin transaction
  [1m[36m (0.4ms)[0m  [1mCREATE TABLE "students" ("id" INTEGER PRIMARY KEY AUTOINCREMENT NOT NULL, "first_name" varchar, "last_name" varchar, "created_at" datetime NOT NULL, "updated_at" datetime NOT NULL) [0m
  [1m[35mSQL (0.3ms)[0m  INSERT INTO "schema_migrations" ("version") VALUES (?)  [["version", "1"]]
  [1m[36m (1.4ms)[0m  [1mcommit transaction[0m
  [1m[35mActiveRecord::SchemaMigration Load (0.1ms)[0m  SELECT "schema_migrations".* FROM "schema_migrations"
  [1m[36m (0.1ms)[0m  [1mbegin transaction[0m
  [1m[35mSQL (0.3ms)[0m  INSERT INTO "students" ("first_name", "last_name", "created_at", "updated_at") VALUES (?, ?, ?, ?)  [["first_name", "Jordan"], ["last_name", "Hudgens"], ["created_at", "2015-11-18 00:10:55.545365"], ["updated_at", "2015-11-18 00:10:55.545365"]]
  [1m[36m (2.9ms)[0m  [1mcommit transaction[0m
  [1m[35mStudent Load (0.2ms)[0m  SELECT  "students".* FROM "students"  ORDER BY "students"."id" DESC LIMIT 1
  [1m[36m (0.1ms)[0m  [1mbegin transaction[0m
  [1m[35mSQL (0.3ms)[0m  INSERT INTO "students" ("created_at", "updated_at") VALUES (?, ?)  [["created_at", "2015-11-18 00:17:49.095449"], ["updated_at", "2015-11-18 00:17:49.095449"]]
  [1m[36m (1.2ms)[0m  [1mcommit transaction[0m
  [1m[35mStudent Load (0.2ms)[0m  SELECT  "students".* FROM "students"  ORDER BY "students"."id" DESC LIMIT 1
  [1m[36mActiveRecord::SchemaMigration Load (0.1ms)[0m  [1mSELECT "schema_migrations".* FROM "schema_migrations"[0m
  [1m[35mActiveRecord::SchemaMigration Load (0.1ms)[0m  SELECT "schema_migrations".* FROM "schema_migrations"


Started GET "/" for ::1 at 2015-11-18 13:36:42 -0600
  [1m[36mActiveRecord::SchemaMigration Load (0.1ms)[0m  [1mSELECT "schema_migrations".* FROM "schema_migrations"[0m
Processing by Rails::WelcomeController#index as HTML
  Rendered /Users/admin/.rvm/gems/ruby-2.1.2/gems/railties-4.2.3/lib/rails/templates/rails/welcome/index.html.erb (2.4ms)
Completed 200 OK in 39ms (Views: 24.5ms | ActiveRecord: 0.0ms)


Started GET "/" for ::1 at 2015-11-18 13:37:10 -0600
Processing by Rails::WelcomeController#index as HTML
  Rendered /Users/admin/.rvm/gems/ruby-2.1.2/gems/railties-4.2.3/lib/rails/templates/rails/welcome/index.html.erb (0.0ms)
Completed 200 OK in 1ms (Views: 0.7ms | ActiveRecord: 0.0ms)
  [1m[36mActiveRecord::SchemaMigration Load (0.5ms)[0m  [1mSELECT "schema_migrations".* FROM "schema_migrations"[0m
  [1m[35mActiveRecord::SchemaMigration Load (0.1ms)[0m  SELECT "schema_migrations".* FROM "schema_migrations"
  [1m[36mStudent Load (0.4ms)[0m  [1mSELECT  "students".* FROM "students"  ORDER BY "students"."id" DESC LIMIT 1[0m
  [1m[35mStudent Load (0.2ms)[0m  SELECT  "students".* FROM "students"  ORDER BY "students"."id" DESC LIMIT 1
  [1m[36m (0.1ms)[0m  [1mbegin transaction[0m
  [1m[35mSQL (0.6ms)[0m  DELETE FROM "students" WHERE "students"."id" = ?  [["id", 2]]
  [1m[36m (1.6ms)[0m  [1mcommit transaction[0m
  [1m[35mStudent Load (0.2ms)[0m  SELECT "students".* FROM "students"
  [1m[35m (2.2ms)[0m  [1m[35mCREATE TABLE "ar_internal_metadata" ("key" varchar NOT NULL PRIMARY KEY, "value" varchar, "created_at" datetime NOT NULL, "updated_at" datetime NOT NULL)[0m
  [1m[36mActiveRecord::SchemaMigration Load (0.1ms)[0m  [1m[34mSELECT "schema_migrations".* FROM "schema_migrations"[0m
Migrating to CreateSchoolClasses (20191124073214)
  [1m[35m (0.0ms)[0m  [1m[36mbegin transaction[0m
  [1m[35m (0.4ms)[0m  [1m[35mCREATE TABLE "school_classes" ("id" INTEGER PRIMARY KEY AUTOINCREMENT NOT NULL, "title" varchar, "room_number" integer, "created_at" datetime NOT NULL, "updated_at" datetime NOT NULL)[0m
  [1m[35mSQL (0.2ms)[0m  [1m[32mINSERT INTO "schema_migrations" ("version") VALUES (?)[0m  [["version", "20191124073214"]]
  [1m[35m (3.1ms)[0m  [1m[36mcommit transaction[0m
  [1m[36mActiveRecord::InternalMetadata Load (0.1ms)[0m  [1m[34mSELECT  "ar_internal_metadata".* FROM "ar_internal_metadata" WHERE "ar_internal_metadata"."key" = ? LIMIT ?[0m  [["key", "environment"], ["LIMIT", 1]]
  [1m[35m (0.0ms)[0m  [1m[36mbegin transaction[0m
  [1m[35mSQL (0.4ms)[0m  [1m[32mINSERT INTO "ar_internal_metadata" ("key", "value", "created_at", "updated_at") VALUES (?, ?, ?, ?)[0m  [["key", "environment"], ["value", "development"], ["created_at", "2019-11-24 07:34:31.259849"], ["updated_at", "2019-11-24 07:34:31.259849"]]
  [1m[35m (1.5ms)[0m  [1m[36mcommit transaction[0m
  [1m[36mActiveRecord::SchemaMigration Load (0.1ms)[0m  [1m[34mSELECT "schema_migrations".* FROM "schema_migrations"[0m
Started GET "/rails/info/routes" for ::1 at 2019-11-23 23:40:55 -0800
  [1m[36mActiveRecord::SchemaMigration Load (1.3ms)[0m  [1m[34mSELECT "schema_migrations".* FROM "schema_migrations"[0m
Processing by Rails::InfoController#routes as HTML
  Parameters: {"internal"=>true}
  Rendering /Users/Megan/.rvm/gems/ruby-2.6.1/gems/railties-5.0.7.1/lib/rails/templates/rails/info/routes.html.erb within layouts/application
  Rendered collection of /Users/Megan/.rvm/gems/ruby-2.6.1/gems/actionpack-5.0.7.1/lib/action_dispatch/middleware/templates/routes/_route.html.erb [16 times] (25.9ms)
  Rendered /Users/Megan/.rvm/gems/ruby-2.6.1/gems/actionpack-5.0.7.1/lib/action_dispatch/middleware/templates/routes/_table.html.erb (29.6ms)
  Rendered /Users/Megan/.rvm/gems/ruby-2.6.1/gems/railties-5.0.7.1/lib/rails/templates/rails/info/routes.html.erb within layouts/application (67.2ms)
Completed 200 OK in 96ms (Views: 81.3ms | ActiveRecord: 0.0ms)


Started GET "/school_classes/" for ::1 at 2019-11-23 23:45:38 -0800
Processing by SchoolClassesController#index as HTML
  Rendering school_classes/index.html.erb within layouts/application
  Rendered school_classes/index.html.erb within layouts/application (0.5ms)
Completed 500 Internal Server Error in 13ms (ActiveRecord: 0.0ms)


  
SyntaxError (/Users/Megan/Development/code/rails-form_for-lab-sf-web-102819/app/views/school_classes/index.html.erb:2: syntax error, unexpected class, expecting '|'
...ppend=  @classes.each do |class| @output_buffer.safe_append='
...                          ^~~~~
/Users/Megan/Development/code/rails-form_for-lab-sf-web-102819/app/views/school_classes/index.html.erb:3: syntax error, unexpected '.'
...;@output_buffer.append=( class.title );@output_buffer.safe_a...
...                              ^
/Users/Megan/Development/code/rails-form_for-lab-sf-web-102819/app/views/school_classes/index.html.erb:5: syntax error, unexpected ensure, expecting end-of-input
          ensure
          ^~~~~~):
  
app/views/school_classes/index.html.erb:2: syntax error, unexpected class, expecting '|'
app/views/school_classes/index.html.erb:3: syntax error, unexpected '.'
app/views/school_classes/index.html.erb:5: syntax error, unexpected ensure, expecting end-of-input
  Rendering /Users/Megan/.rvm/gems/ruby-2.6.1/gems/actionpack-5.0.7.1/lib/action_dispatch/middleware/templates/rescues/diagnostics.html.erb within rescues/layout
  Rendering /Users/Megan/.rvm/gems/ruby-2.6.1/gems/actionpack-5.0.7.1/lib/action_dispatch/middleware/templates/rescues/_source.html.erb
  Rendered /Users/Megan/.rvm/gems/ruby-2.6.1/gems/actionpack-5.0.7.1/lib/action_dispatch/middleware/templates/rescues/_source.html.erb (5.1ms)
  Rendering /Users/Megan/.rvm/gems/ruby-2.6.1/gems/actionpack-5.0.7.1/lib/action_dispatch/middleware/templates/rescues/_trace.html.erb
  Rendered /Users/Megan/.rvm/gems/ruby-2.6.1/gems/actionpack-5.0.7.1/lib/action_dispatch/middleware/templates/rescues/_trace.html.erb (3.4ms)
  Rendering /Users/Megan/.rvm/gems/ruby-2.6.1/gems/actionpack-5.0.7.1/lib/action_dispatch/middleware/templates/rescues/_request_and_response.html.erb
  Rendered /Users/Megan/.rvm/gems/ruby-2.6.1/gems/actionpack-5.0.7.1/lib/action_dispatch/middleware/templates/rescues/_request_and_response.html.erb (1.1ms)
  Rendered /Users/Megan/.rvm/gems/ruby-2.6.1/gems/actionpack-5.0.7.1/lib/action_dispatch/middleware/templates/rescues/diagnostics.html.erb within rescues/layout (43.4ms)
Started GET "/school_classes/" for ::1 at 2019-11-23 23:45:53 -0800
Processing by SchoolClassesController#index as HTML
  Rendering school_classes/index.html.erb within layouts/application
  Rendered school_classes/index.html.erb within layouts/application (0.5ms)
Completed 500 Internal Server Error in 5ms (ActiveRecord: 0.0ms)


  
SyntaxError (/Users/Megan/Development/code/rails-form_for-lab-sf-web-102819/app/views/school_classes/index.html.erb:2: syntax error, unexpected class, expecting '|'
...freeze; @classes.each do |class| 
...                          ^~~~~
/Users/Megan/Development/code/rails-form_for-lab-sf-web-102819/app/views/school_classes/index.html.erb:3: syntax error, unexpected '.'
...;@output_buffer.append=( class.title );@output_buffer.safe_a...
...                              ^
/Users/Megan/Development/code/rails-form_for-lab-sf-web-102819/app/views/school_classes/index.html.erb:5: syntax error, unexpected ensure, expecting end-of-input
          ensure
          ^~~~~~):
  
app/views/school_classes/index.html.erb:2: syntax error, unexpected class, expecting '|'
app/views/school_classes/index.html.erb:3: syntax error, unexpected '.'
app/views/school_classes/index.html.erb:5: syntax error, unexpected ensure, expecting end-of-input
  Rendering /Users/Megan/.rvm/gems/ruby-2.6.1/gems/actionpack-5.0.7.1/lib/action_dispatch/middleware/templates/rescues/diagnostics.html.erb within rescues/layout
  Rendering /Users/Megan/.rvm/gems/ruby-2.6.1/gems/actionpack-5.0.7.1/lib/action_dispatch/middleware/templates/rescues/_source.html.erb
  Rendered /Users/Megan/.rvm/gems/ruby-2.6.1/gems/actionpack-5.0.7.1/lib/action_dispatch/middleware/templates/rescues/_source.html.erb (9.9ms)
  Rendering /Users/Megan/.rvm/gems/ruby-2.6.1/gems/actionpack-5.0.7.1/lib/action_dispatch/middleware/templates/rescues/_trace.html.erb
  Rendered /Users/Megan/.rvm/gems/ruby-2.6.1/gems/actionpack-5.0.7.1/lib/action_dispatch/middleware/templates/rescues/_trace.html.erb (2.3ms)
  Rendering /Users/Megan/.rvm/gems/ruby-2.6.1/gems/actionpack-5.0.7.1/lib/action_dispatch/middleware/templates/rescues/_request_and_response.html.erb
  Rendered /Users/Megan/.rvm/gems/ruby-2.6.1/gems/actionpack-5.0.7.1/lib/action_dispatch/middleware/templates/rescues/_request_and_response.html.erb (1.2ms)
  Rendered /Users/Megan/.rvm/gems/ruby-2.6.1/gems/actionpack-5.0.7.1/lib/action_dispatch/middleware/templates/rescues/diagnostics.html.erb within rescues/layout (37.6ms)
Started GET "/school_classes/" for ::1 at 2019-11-23 23:47:29 -0800
Processing by SchoolClassesController#index as HTML
  Rendering school_classes/index.html.erb within layouts/application
  Rendered school_classes/index.html.erb within layouts/application (6.4ms)
Completed 500 Internal Server Error in 13ms (ActiveRecord: 0.0ms)


  
SyntaxError (/Users/Megan/Development/code/rails-form_for-lab-sf-web-102819/app/views/school_classes/index.html.erb:2: syntax error, unexpected class, expecting '|'
...freeze; @classes.each do |class| ;@output_buffer.safe_append...
...                          ^~~~~
/Users/Megan/Development/code/rails-form_for-lab-sf-web-102819/app/views/school_classes/index.html.erb:3: syntax error, unexpected '.'
...;@output_buffer.append=( class.title );@output_buffer.safe_a...
...                              ^
/Users/Megan/Development/code/rails-form_for-lab-sf-web-102819/app/views/school_classes/index.html.erb:5: syntax error, unexpected ensure, expecting end-of-input
          ensure
          ^~~~~~):
  
app/views/school_classes/index.html.erb:2: syntax error, unexpected class, expecting '|'
app/views/school_classes/index.html.erb:3: syntax error, unexpected '.'
app/views/school_classes/index.html.erb:5: syntax error, unexpected ensure, expecting end-of-input
  Rendering /Users/Megan/.rvm/gems/ruby-2.6.1/gems/actionpack-5.0.7.1/lib/action_dispatch/middleware/templates/rescues/diagnostics.html.erb within rescues/layout
  Rendering /Users/Megan/.rvm/gems/ruby-2.6.1/gems/actionpack-5.0.7.1/lib/action_dispatch/middleware/templates/rescues/_source.html.erb
  Rendered /Users/Megan/.rvm/gems/ruby-2.6.1/gems/actionpack-5.0.7.1/lib/action_dispatch/middleware/templates/rescues/_source.html.erb (3.6ms)
  Rendering /Users/Megan/.rvm/gems/ruby-2.6.1/gems/actionpack-5.0.7.1/lib/action_dispatch/middleware/templates/rescues/_trace.html.erb
  Rendered /Users/Megan/.rvm/gems/ruby-2.6.1/gems/actionpack-5.0.7.1/lib/action_dispatch/middleware/templates/rescues/_trace.html.erb (12.4ms)
  Rendering /Users/Megan/.rvm/gems/ruby-2.6.1/gems/actionpack-5.0.7.1/lib/action_dispatch/middleware/templates/rescues/_request_and_response.html.erb
  Rendered /Users/Megan/.rvm/gems/ruby-2.6.1/gems/actionpack-5.0.7.1/lib/action_dispatch/middleware/templates/rescues/_request_and_response.html.erb (1.1ms)
  Rendered /Users/Megan/.rvm/gems/ruby-2.6.1/gems/actionpack-5.0.7.1/lib/action_dispatch/middleware/templates/rescues/diagnostics.html.erb within rescues/layout (53.3ms)
Started GET "/school_classes/" for ::1 at 2019-11-23 23:47:54 -0800
Processing by SchoolClassesController#index as HTML
  Rendering school_classes/index.html.erb within layouts/application
  Rendered school_classes/index.html.erb within layouts/application (0.5ms)
Completed 200 OK in 831ms (Views: 824.6ms | ActiveRecord: 0.0ms)


Started GET "/school_classes/" for ::1 at 2019-11-23 23:48:32 -0800
Processing by SchoolClassesController#index as HTML
  Rendering school_classes/index.html.erb within layouts/application
  Rendered school_classes/index.html.erb within layouts/application (1.4ms)
Completed 500 Internal Server Error in 11ms (ActiveRecord: 0.0ms)


  
SyntaxError (/Users/Megan/Development/code/rails-form_for-lab-sf-web-102819/app/views/school_classes/index.html.erb:2: syntax error, unexpected class, expecting '|'
...freeze; @classes.each do |class| 
...                          ^~~~~
/Users/Megan/Development/code/rails-form_for-lab-sf-web-102819/app/views/school_classes/index.html.erb:3: syntax error, unexpected ')'
...@output_buffer.append=( class );@output_buffer.safe_append='...
...                              ^
/Users/Megan/Development/code/rails-form_for-lab-sf-web-102819/app/views/school_classes/index.html.erb:4: syntax error, unexpected end, expecting ')'
....safe_append='    '.freeze; end ;@output_buffer.to_s
...                            ^~~
/Users/Megan/Development/code/rails-form_for-lab-sf-web-102819/app/views/school_classes/index.html.erb:5: syntax error, unexpected ensure, expecting ')'
          ensure
          ^~~~~~
/Users/Megan/Development/code/rails-form_for-lab-sf-web-102819/app/views/school_classes/index.html.erb:7: syntax error, unexpected end, expecting ')'
          end
          ^~~):
  
app/views/school_classes/index.html.erb:2: syntax error, unexpected class, expecting '|'
app/views/school_classes/index.html.erb:3: syntax error, unexpected ')'
app/views/school_classes/index.html.erb:4: syntax error, unexpected end, expecting ')'
app/views/school_classes/index.html.erb:5: syntax error, unexpected ensure, expecting ')'
app/views/school_classes/index.html.erb:7: syntax error, unexpected end, expecting ')'
  Rendering /Users/Megan/.rvm/gems/ruby-2.6.1/gems/actionpack-5.0.7.1/lib/action_dispatch/middleware/templates/rescues/diagnostics.html.erb within rescues/layout
  Rendering /Users/Megan/.rvm/gems/ruby-2.6.1/gems/actionpack-5.0.7.1/lib/action_dispatch/middleware/templates/rescues/_source.html.erb
  Rendered /Users/Megan/.rvm/gems/ruby-2.6.1/gems/actionpack-5.0.7.1/lib/action_dispatch/middleware/templates/rescues/_source.html.erb (3.8ms)
  Rendering /Users/Megan/.rvm/gems/ruby-2.6.1/gems/actionpack-5.0.7.1/lib/action_dispatch/middleware/templates/rescues/_trace.html.erb
  Rendered /Users/Megan/.rvm/gems/ruby-2.6.1/gems/actionpack-5.0.7.1/lib/action_dispatch/middleware/templates/rescues/_trace.html.erb (3.1ms)
  Rendering /Users/Megan/.rvm/gems/ruby-2.6.1/gems/actionpack-5.0.7.1/lib/action_dispatch/middleware/templates/rescues/_request_and_response.html.erb
  Rendered /Users/Megan/.rvm/gems/ruby-2.6.1/gems/actionpack-5.0.7.1/lib/action_dispatch/middleware/templates/rescues/_request_and_response.html.erb (4.6ms)
  Rendered /Users/Megan/.rvm/gems/ruby-2.6.1/gems/actionpack-5.0.7.1/lib/action_dispatch/middleware/templates/rescues/diagnostics.html.erb within rescues/layout (58.6ms)
Started GET "/school_classes/" for ::1 at 2019-11-23 23:48:49 -0800
Processing by SchoolClassesController#index as HTML
  Rendering school_classes/index.html.erb within layouts/application
  Rendered school_classes/index.html.erb within layouts/application (0.7ms)
Completed 500 Internal Server Error in 12ms (ActiveRecord: 0.0ms)


  
SyntaxError (/Users/Megan/Development/code/rails-form_for-lab-sf-web-102819/app/views/school_classes/index.html.erb:2: syntax error, unexpected class, expecting '|'
...ppend=  @classes.each do |class| @output_buffer.safe_append='
...                          ^~~~~
/Users/Megan/Development/code/rails-form_for-lab-sf-web-102819/app/views/school_classes/index.html.erb:3: syntax error, unexpected ')'
...@output_buffer.append=( class );@output_buffer.safe_append='...
...                              ^
/Users/Megan/Development/code/rails-form_for-lab-sf-web-102819/app/views/school_classes/index.html.erb:4: syntax error, unexpected end, expecting ')'
....safe_append='    '.freeze; end ;@output_buffer.to_s
...                            ^~~
/Users/Megan/Development/code/rails-form_for-lab-sf-web-102819/app/views/school_classes/index.html.erb:5: syntax error, unexpected ensure, expecting ')'
          ensure
          ^~~~~~
/Users/Megan/Development/code/rails-form_for-lab-sf-web-102819/app/views/school_classes/index.html.erb:7: syntax error, unexpected end, expecting ')'
          end
          ^~~):
  
app/views/school_classes/index.html.erb:2: syntax error, unexpected class, expecting '|'
app/views/school_classes/index.html.erb:3: syntax error, unexpected ')'
app/views/school_classes/index.html.erb:4: syntax error, unexpected end, expecting ')'
app/views/school_classes/index.html.erb:5: syntax error, unexpected ensure, expecting ')'
app/views/school_classes/index.html.erb:7: syntax error, unexpected end, expecting ')'
  Rendering /Users/Megan/.rvm/gems/ruby-2.6.1/gems/actionpack-5.0.7.1/lib/action_dispatch/middleware/templates/rescues/diagnostics.html.erb within rescues/layout
  Rendering /Users/Megan/.rvm/gems/ruby-2.6.1/gems/actionpack-5.0.7.1/lib/action_dispatch/middleware/templates/rescues/_source.html.erb
  Rendered /Users/Megan/.rvm/gems/ruby-2.6.1/gems/actionpack-5.0.7.1/lib/action_dispatch/middleware/templates/rescues/_source.html.erb (4.4ms)
  Rendering /Users/Megan/.rvm/gems/ruby-2.6.1/gems/actionpack-5.0.7.1/lib/action_dispatch/middleware/templates/rescues/_trace.html.erb
  Rendered /Users/Megan/.rvm/gems/ruby-2.6.1/gems/actionpack-5.0.7.1/lib/action_dispatch/middleware/templates/rescues/_trace.html.erb (2.7ms)
  Rendering /Users/Megan/.rvm/gems/ruby-2.6.1/gems/actionpack-5.0.7.1/lib/action_dispatch/middleware/templates/rescues/_request_and_response.html.erb
  Rendered /Users/Megan/.rvm/gems/ruby-2.6.1/gems/actionpack-5.0.7.1/lib/action_dispatch/middleware/templates/rescues/_request_and_response.html.erb (1.1ms)
  Rendered /Users/Megan/.rvm/gems/ruby-2.6.1/gems/actionpack-5.0.7.1/lib/action_dispatch/middleware/templates/rescues/diagnostics.html.erb within rescues/layout (36.3ms)
Started GET "/school_classes/" for ::1 at 2019-11-23 23:49:06 -0800
Processing by SchoolClassesController#index as HTML
  Rendering school_classes/index.html.erb within layouts/application
  Rendered school_classes/index.html.erb within layouts/application (0.9ms)
Completed 200 OK in 75ms (Views: 73.5ms | ActiveRecord: 0.0ms)


Started GET "/school_classes/" for ::1 at 2019-11-23 23:49:32 -0800
Processing by SchoolClassesController#index as HTML
  Rendering school_classes/index.html.erb within layouts/application
  Rendered school_classes/index.html.erb within layouts/application (1.0ms)
Completed 500 Internal Server Error in 7ms (ActiveRecord: 0.0ms)


  
SyntaxError (/Users/Megan/Development/code/rails-form_for-lab-sf-web-102819/app/views/school_classes/index.html.erb:2: syntax error, unexpected class, expecting '|'
...ppend=  @classes.each do |class| @output_buffer.safe_append='
...                          ^~~~~
/Users/Megan/Development/code/rails-form_for-lab-sf-web-102819/app/views/school_classes/index.html.erb:6: syntax error, unexpected ensure, expecting end-of-input
          ensure
          ^~~~~~):
  
app/views/school_classes/index.html.erb:2: syntax error, unexpected class, expecting '|'
app/views/school_classes/index.html.erb:6: syntax error, unexpected ensure, expecting end-of-input
  Rendering /Users/Megan/.rvm/gems/ruby-2.6.1/gems/actionpack-5.0.7.1/lib/action_dispatch/middleware/templates/rescues/diagnostics.html.erb within rescues/layout
  Rendering /Users/Megan/.rvm/gems/ruby-2.6.1/gems/actionpack-5.0.7.1/lib/action_dispatch/middleware/templates/rescues/_source.html.erb
  Rendered /Users/Megan/.rvm/gems/ruby-2.6.1/gems/actionpack-5.0.7.1/lib/action_dispatch/middleware/templates/rescues/_source.html.erb (5.0ms)
  Rendering /Users/Megan/.rvm/gems/ruby-2.6.1/gems/actionpack-5.0.7.1/lib/action_dispatch/middleware/templates/rescues/_trace.html.erb
  Rendered /Users/Megan/.rvm/gems/ruby-2.6.1/gems/actionpack-5.0.7.1/lib/action_dispatch/middleware/templates/rescues/_trace.html.erb (4.4ms)
  Rendering /Users/Megan/.rvm/gems/ruby-2.6.1/gems/actionpack-5.0.7.1/lib/action_dispatch/middleware/templates/rescues/_request_and_response.html.erb
  Rendered /Users/Megan/.rvm/gems/ruby-2.6.1/gems/actionpack-5.0.7.1/lib/action_dispatch/middleware/templates/rescues/_request_and_response.html.erb (0.7ms)
  Rendered /Users/Megan/.rvm/gems/ruby-2.6.1/gems/actionpack-5.0.7.1/lib/action_dispatch/middleware/templates/rescues/diagnostics.html.erb within rescues/layout (50.7ms)
Started GET "/school_classes/" for ::1 at 2019-11-23 23:50:02 -0800
Processing by SchoolClassesController#index as HTML
  Rendering school_classes/index.html.erb within layouts/application
  [1m[36mSchoolClass Load (2.5ms)[0m  [1m[34mSELECT "school_classes".* FROM "school_classes"[0m
  Rendered school_classes/index.html.erb within layouts/application (12.9ms)
Completed 200 OK in 109ms (Views: 97.3ms | ActiveRecord: 6.2ms)


Started GET "/school_classes/" for ::1 at 2019-11-23 23:50:08 -0800
Processing by SchoolClassesController#index as HTML
  Rendering school_classes/index.html.erb within layouts/application
  [1m[36mSchoolClass Load (2.5ms)[0m  [1m[34mSELECT "school_classes".* FROM "school_classes"[0m
  Rendered school_classes/index.html.erb within layouts/application (4.6ms)
Completed 200 OK in 56ms (Views: 50.5ms | ActiveRecord: 2.5ms)


Started GET "/school_classes/" for ::1 at 2019-11-23 23:50:09 -0800
Processing by SchoolClassesController#index as HTML
  Rendering school_classes/index.html.erb within layouts/application
  [1m[36mSchoolClass Load (0.1ms)[0m  [1m[34mSELECT "school_classes".* FROM "school_classes"[0m
  Rendered school_classes/index.html.erb within layouts/application (1.2ms)
Completed 200 OK in 25ms (Views: 23.2ms | ActiveRecord: 0.1ms)


Started GET "/school_classes/" for ::1 at 2019-11-23 23:50:19 -0800
Processing by SchoolClassesController#index as HTML
  Rendering school_classes/index.html.erb within layouts/application
  [1m[36mSchoolClass Load (6.0ms)[0m  [1m[34mSELECT "school_classes".* FROM "school_classes"[0m
  Rendered school_classes/index.html.erb within layouts/application (8.8ms)
Completed 200 OK in 61ms (Views: 52.0ms | ActiveRecord: 6.0ms)


Started GET "/school_classes/" for ::1 at 2019-11-23 23:50:35 -0800
Processing by SchoolClassesController#index as HTML
  Rendering school_classes/index.html.erb within layouts/application
  [1m[36mSchoolClass Load (0.2ms)[0m  [1m[34mSELECT "school_classes".* FROM "school_classes"[0m
  Rendered school_classes/index.html.erb within layouts/application (13.2ms)
Completed 200 OK in 100ms (Views: 97.8ms | ActiveRecord: 0.2ms)


Started GET "/school_classes/new" for ::1 at 2019-11-23 23:50:45 -0800
Processing by SchoolClassesController#new as HTML
  Rendering school_classes/new.html.erb within layouts/application
  Rendered school_classes/new.html.erb within layouts/application (38.0ms)
Completed 200 OK in 93ms (Views: 74.7ms | ActiveRecord: 0.9ms)


Started POST "/school_classes" for ::1 at 2019-11-23 23:50:54 -0800
Processing by SchoolClassesController#create as HTML
  Parameters: {"utf8"=>"✓", "authenticity_token"=>"2YXxmIBdCoZa96D/upbZ8NyMAVk+XItHY2I1PEcOX8SYW077XHccpdw6AGqWZ6E4vNpDyyAkLZojkJ7MxDYwgQ==", "school_class"=>{"title"=>"flying", "room_number"=>"sky"}, "commit"=>"Submit"}
  [1m[35m (0.1ms)[0m  [1m[36mbegin transaction[0m
  [1m[35mSQL (4.7ms)[0m  [1m[32mINSERT INTO "school_classes" ("title", "room_number", "created_at", "updated_at") VALUES (?, ?, ?, ?)[0m  [["title", "flying"], ["room_number", 0], ["created_at", "2019-11-24 07:50:54.461491"], ["updated_at", "2019-11-24 07:50:54.461491"]]
  [1m[35m (2.5ms)[0m  [1m[36mcommit transaction[0m
Redirected to http://localhost:3000/school_classes/1
Completed 302 Found in 19ms (ActiveRecord: 7.3ms)


Started GET "/school_classes/1" for ::1 at 2019-11-23 23:50:54 -0800
Processing by SchoolClassesController#show as HTML
  Parameters: {"id"=>"1"}
  [1m[36mSchoolClass Load (0.3ms)[0m  [1m[34mSELECT  "school_classes".* FROM "school_classes" WHERE "school_classes"."id" = ? LIMIT ?[0m  [["id", 1], ["LIMIT", 1]]
  Rendering school_classes/show.html.erb within layouts/application
  Rendered school_classes/show.html.erb within layouts/application (0.8ms)
Completed 200 OK in 45ms (Views: 32.3ms | ActiveRecord: 0.3ms)


Started GET "/school_classes/1/edit" for ::1 at 2019-11-23 23:50:58 -0800
  
AbstractController::ActionNotFound (The action 'edit' could not be found for SchoolClassesController):
  
actionpack (5.0.7.1) lib/abstract_controller/base.rb:121:in `process'
actionview (5.0.7.1) lib/action_view/rendering.rb:30:in `process'
actionpack (5.0.7.1) lib/action_controller/metal.rb:190:in `dispatch'
actionpack (5.0.7.1) lib/action_controller/metal.rb:262:in `dispatch'
actionpack (5.0.7.1) lib/action_dispatch/routing/route_set.rb:50:in `dispatch'
actionpack (5.0.7.1) lib/action_dispatch/routing/route_set.rb:32:in `serve'
actionpack (5.0.7.1) lib/action_dispatch/journey/router.rb:39:in `block in serve'
actionpack (5.0.7.1) lib/action_dispatch/journey/router.rb:26:in `each'
actionpack (5.0.7.1) lib/action_dispatch/journey/router.rb:26:in `serve'
actionpack (5.0.7.1) lib/action_dispatch/routing/route_set.rb:727:in `call'
rack (2.0.6) lib/rack/etag.rb:25:in `call'
rack (2.0.6) lib/rack/conditional_get.rb:25:in `call'
rack (2.0.6) lib/rack/head.rb:12:in `call'
rack (2.0.6) lib/rack/session/abstract/id.rb:232:in `context'
rack (2.0.6) lib/rack/session/abstract/id.rb:226:in `call'
actionpack (5.0.7.1) lib/action_dispatch/middleware/cookies.rb:613:in `call'
activerecord (5.0.7.1) lib/active_record/migration.rb:553:in `call'
actionpack (5.0.7.1) lib/action_dispatch/middleware/callbacks.rb:38:in `block in call'
activesupport (5.0.7.1) lib/active_support/callbacks.rb:97:in `__run_callbacks__'
activesupport (5.0.7.1) lib/active_support/callbacks.rb:750:in `_run_call_callbacks'
activesupport (5.0.7.1) lib/active_support/callbacks.rb:90:in `run_callbacks'
actionpack (5.0.7.1) lib/action_dispatch/middleware/callbacks.rb:36:in `call'
actionpack (5.0.7.1) lib/action_dispatch/middleware/executor.rb:12:in `call'
actionpack (5.0.7.1) lib/action_dispatch/middleware/remote_ip.rb:79:in `call'
actionpack (5.0.7.1) lib/action_dispatch/middleware/debug_exceptions.rb:49:in `call'
actionpack (5.0.7.1) lib/action_dispatch/middleware/show_exceptions.rb:31:in `call'
railties (5.0.7.1) lib/rails/rack/logger.rb:36:in `call_app'
railties (5.0.7.1) lib/rails/rack/logger.rb:24:in `block in call'
activesupport (5.0.7.1) lib/active_support/tagged_logging.rb:69:in `block in tagged'
activesupport (5.0.7.1) lib/active_support/tagged_logging.rb:26:in `tagged'
activesupport (5.0.7.1) lib/active_support/tagged_logging.rb:69:in `tagged'
railties (5.0.7.1) lib/rails/rack/logger.rb:24:in `call'
sprockets-rails (3.2.1) lib/sprockets/rails/quiet_assets.rb:13:in `call'
actionpack (5.0.7.1) lib/action_dispatch/middleware/request_id.rb:24:in `call'
rack (2.0.6) lib/rack/method_override.rb:22:in `call'
rack (2.0.6) lib/rack/runtime.rb:22:in `call'
activesupport (5.0.7.1) lib/active_support/cache/strategy/local_cache_middleware.rb:28:in `call'
actionpack (5.0.7.1) lib/action_dispatch/middleware/executor.rb:12:in `call'
actionpack (5.0.7.1) lib/action_dispatch/middleware/static.rb:136:in `call'
rack (2.0.6) lib/rack/sendfile.rb:111:in `call'
railties (5.0.7.1) lib/rails/engine.rb:522:in `call'
rack (2.0.6) lib/rack/handler/webrick.rb:86:in `service'
/Users/Megan/.rvm/rubies/ruby-2.6.1/lib/ruby/2.6.0/webrick/httpserver.rb:140:in `service'
/Users/Megan/.rvm/rubies/ruby-2.6.1/lib/ruby/2.6.0/webrick/httpserver.rb:96:in `run'
/Users/Megan/.rvm/rubies/ruby-2.6.1/lib/ruby/2.6.0/webrick/server.rb:307:in `block in start_thread'
  Rendering /Users/Megan/.rvm/gems/ruby-2.6.1/gems/actionpack-5.0.7.1/lib/action_dispatch/middleware/templates/rescues/unknown_action.html.erb within rescues/layout
  Rendered /Users/Megan/.rvm/gems/ruby-2.6.1/gems/actionpack-5.0.7.1/lib/action_dispatch/middleware/templates/rescues/unknown_action.html.erb within rescues/layout (0.6ms)
Started GET "/school_classes/" for ::1 at 2019-11-23 23:51:02 -0800
Processing by SchoolClassesController#index as HTML
  Rendering school_classes/index.html.erb within layouts/application
  [1m[36mSchoolClass Load (0.1ms)[0m  [1m[34mSELECT "school_classes".* FROM "school_classes"[0m
  Rendered school_classes/index.html.erb within layouts/application (1.2ms)
Completed 200 OK in 42ms (Views: 38.2ms | ActiveRecord: 0.1ms)


Started GET "/school_classes/" for ::1 at 2019-11-23 23:51:11 -0800
Processing by SchoolClassesController#index as HTML
  Rendering school_classes/index.html.erb within layouts/application
  [1m[36mSchoolClass Load (0.2ms)[0m  [1m[34mSELECT "school_classes".* FROM "school_classes"[0m
  Rendered school_classes/index.html.erb within layouts/application (1.3ms)
Completed 200 OK in 26ms (Views: 23.8ms | ActiveRecord: 0.2ms)


Started GET "/students" for ::1 at 2019-11-23 23:56:26 -0800
Processing by StudentsController#index as HTML
  Rendering students/index.html.erb within layouts/application
  [1m[36mStudent Load (3.5ms)[0m  [1m[34mSELECT "students".* FROM "students"[0m
  Rendered students/index.html.erb within layouts/application (18.6ms)
Completed 200 OK in 98ms (Views: 81.4ms | ActiveRecord: 4.3ms)


Started GET "/students/1" for ::1 at 2019-11-23 23:56:29 -0800
Processing by StudentsController#show as HTML
  Parameters: {"id"=>"1"}
  [1m[36mStudent Load (0.5ms)[0m  [1m[34mSELECT  "students".* FROM "students" WHERE (1) LIMIT ?[0m  [["LIMIT", 1]]
  Rendering students/show.html.erb within layouts/application
  Rendered students/show.html.erb within layouts/application (0.7ms)
Completed 200 OK in 45ms (Views: 39.3ms | ActiveRecord: 0.5ms)


Started GET "/students/new" for ::1 at 2019-11-23 23:56:32 -0800
Processing by StudentsController#new as HTML
  Rendering students/new.html.erb within layouts/application
  Rendered students/new.html.erb within layouts/application (4.2ms)
Completed 200 OK in 67ms (Views: 63.3ms | ActiveRecord: 0.0ms)


Started POST "/students" for ::1 at 2019-11-23 23:56:36 -0800
Processing by StudentsController#create as HTML
  Parameters: {"utf8"=>"✓", "authenticity_token"=>"Dzi6H/QVf8G26HNQFMq7QcdA9KRKxRDR+iFFd4vZ+9BO5gV8KD9p4jAl08U4O8OJpxa2NlS9tgy60+6HCOGUlQ==", "student"=>{"first_name"=>"Hello", "last_name"=>"Kitty"}, "commit"=>"Submit"}
  [1m[35m (0.1ms)[0m  [1m[36mbegin transaction[0m
  [1m[35mSQL (0.6ms)[0m  [1m[32mINSERT INTO "students" ("first_name", "last_name", "created_at", "updated_at") VALUES (?, ?, ?, ?)[0m  [["first_name", "Hello"], ["last_name", "Kitty"], ["created_at", "2019-11-24 07:56:36.284171"], ["updated_at", "2019-11-24 07:56:36.284171"]]
  [1m[35m (5.7ms)[0m  [1m[36mcommit transaction[0m
Redirected to http://localhost:3000/students/3
Completed 302 Found in 12ms (ActiveRecord: 6.4ms)


Started GET "/students/3" for ::1 at 2019-11-23 23:56:36 -0800
Processing by StudentsController#show as HTML
  Parameters: {"id"=>"3"}
  [1m[36mStudent Load (0.3ms)[0m  [1m[34mSELECT  "students".* FROM "students" WHERE (3) LIMIT ?[0m  [["LIMIT", 1]]
  Rendering students/show.html.erb within layouts/application
  Rendered students/show.html.erb within layouts/application (0.9ms)
Completed 200 OK in 63ms (Views: 59.9ms | ActiveRecord: 0.3ms)


Started GET "/students/2" for ::1 at 2019-11-23 23:56:41 -0800
Processing by StudentsController#show as HTML
  Parameters: {"id"=>"2"}
  [1m[36mStudent Load (0.2ms)[0m  [1m[34mSELECT  "students".* FROM "students" WHERE (2) LIMIT ?[0m  [["LIMIT", 1]]
  Rendering students/show.html.erb within layouts/application
  Rendered students/show.html.erb within layouts/application (1.0ms)
Completed 200 OK in 37ms (Views: 33.7ms | ActiveRecord: 0.2ms)


Started GET "/students/3" for ::1 at 2019-11-23 23:56:42 -0800
Processing by StudentsController#show as HTML
  Parameters: {"id"=>"3"}
  [1m[36mStudent Load (0.4ms)[0m  [1m[34mSELECT  "students".* FROM "students" WHERE (3) LIMIT ?[0m  [["LIMIT", 1]]
  Rendering students/show.html.erb within layouts/application
  Rendered students/show.html.erb within layouts/application (0.8ms)
Completed 200 OK in 42ms (Views: 36.2ms | ActiveRecord: 0.4ms)


Started GET "/students/new" for ::1 at 2019-11-24 00:00:38 -0800
Processing by StudentsController#new as HTML
  Rendering students/new.html.erb within layouts/application
  Rendered students/new.html.erb within layouts/application (6.8ms)
Completed 200 OK in 124ms (Views: 79.2ms | ActiveRecord: 1.4ms)


Started GET "/students/new" for ::1 at 2019-11-24 00:01:22 -0800
Processing by StudentsController#new as HTML
  Rendering students/new.html.erb within layouts/application
  Rendered students/new.html.erb within layouts/application (5.9ms)
Completed 200 OK in 58ms (Views: 53.2ms | ActiveRecord: 0.0ms)


Started GET "/school_classes/" for ::1 at 2019-11-24 00:02:48 -0800
Processing by SchoolClassesController#index as HTML
  Rendering school_classes/index.html.erb within layouts/application
  [1m[36mSchoolClass Load (0.5ms)[0m  [1m[34mSELECT "school_classes".* FROM "school_classes"[0m
  Rendered school_classes/index.html.erb within layouts/application (20.9ms)
Completed 200 OK in 108ms (Views: 86.0ms | ActiveRecord: 1.4ms)


Started GET "/school_classes/new" for ::1 at 2019-11-24 00:02:51 -0800
Processing by SchoolClassesController#new as HTML
  Rendering school_classes/new.html.erb within layouts/application
  Rendered school_classes/new.html.erb within layouts/application (4.5ms)
Completed 200 OK in 46ms (Views: 42.2ms | ActiveRecord: 0.0ms)


Started POST "/school_classes" for ::1 at 2019-11-24 00:02:57 -0800
Processing by SchoolClassesController#create as HTML
  Parameters: {"utf8"=>"✓", "authenticity_token"=>"yEan0Cp4FWlSBD6aMzD9ilVjUf1+VofTMnSCVfx3aXSJmBiz9lIDStTJng8fwYVCNTUTb2AuIQ5yhimlf08GMQ==", "school_class"=>{"title"=>"jumping", "room_number"=>"2"}, "commit"=>"Create School class"}
  [1m[35m (0.1ms)[0m  [1m[36mbegin transaction[0m
  [1m[35mSQL (1.3ms)[0m  [1m[32mINSERT INTO "school_classes" ("title", "room_number", "created_at", "updated_at") VALUES (?, ?, ?, ?)[0m  [["title", "jumping"], ["room_number", 2], ["created_at", "2019-11-24 08:02:57.567417"], ["updated_at", "2019-11-24 08:02:57.567417"]]
  [1m[35m (3.9ms)[0m  [1m[36mcommit transaction[0m
Redirected to http://localhost:3000/school_classes/2
Completed 302 Found in 12ms (ActiveRecord: 5.3ms)


Started GET "/school_classes/2" for ::1 at 2019-11-24 00:02:57 -0800
Processing by SchoolClassesController#show as HTML
  Parameters: {"id"=>"2"}
  [1m[36mSchoolClass Load (0.3ms)[0m  [1m[34mSELECT  "school_classes".* FROM "school_classes" WHERE "school_classes"."id" = ? LIMIT ?[0m  [["id", 2], ["LIMIT", 1]]
  Rendering school_classes/show.html.erb within layouts/application
  Rendered school_classes/show.html.erb within layouts/application (0.7ms)
Completed 200 OK in 51ms (Views: 45.0ms | ActiveRecord: 0.3ms)


Started GET "/school_classes/2/edit" for ::1 at 2019-11-24 00:03:00 -0800
Processing by SchoolClassesController#edit as HTML
  Parameters: {"id"=>"2"}
  [1m[36mSchoolClass Load (0.4ms)[0m  [1m[34mSELECT  "school_classes".* FROM "school_classes" WHERE "school_classes"."id" = ? LIMIT ?[0m  [["id", 2], ["LIMIT", 1]]
  Rendering school_classes/edit.html.erb within layouts/application
  Rendered school_classes/edit.html.erb within layouts/application (5.3ms)
Completed 200 OK in 43ms (Views: 37.1ms | ActiveRecord: 0.4ms)


Started PATCH "/school_classes/2" for ::1 at 2019-11-24 00:03:03 -0800
Processing by SchoolClassesController#update as HTML
  Parameters: {"utf8"=>"✓", "authenticity_token"=>"sRO2gCkV4z1ty4zWuFd/q//+rq493RnWApQ5TGO0TjvwzQnj9T/1HusGLEOUpgdjn6jsPCOlvwtCZpK84Iwhfg==", "school_class"=>{"title"=>"jumping", "room_number"=>"3"}, "commit"=>"Change School Class", "id"=>"2"}
  [1m[36mSchoolClass Load (0.2ms)[0m  [1m[34mSELECT  "school_classes".* FROM "school_classes" WHERE "school_classes"."id" = ? LIMIT ?[0m  [["id", 2], ["LIMIT", 1]]
  [1m[35m (0.2ms)[0m  [1m[36mbegin transaction[0m
  [1m[35mSQL (1.1ms)[0m  [1m[33mUPDATE "school_classes" SET "room_number" = ?, "updated_at" = ? WHERE "school_classes"."id" = ?[0m  [["room_number", 3], ["updated_at", "2019-11-24 08:03:03.643064"], ["id", 2]]
  [1m[35m (4.2ms)[0m  [1m[36mcommit transaction[0m
Redirected to http://localhost:3000/school_classes/2
Completed 302 Found in 13ms (ActiveRecord: 5.7ms)


Started GET "/school_classes/2" for ::1 at 2019-11-24 00:03:03 -0800
Processing by SchoolClassesController#show as HTML
  Parameters: {"id"=>"2"}
  [1m[36mSchoolClass Load (0.2ms)[0m  [1m[34mSELECT  "school_classes".* FROM "school_classes" WHERE "school_classes"."id" = ? LIMIT ?[0m  [["id", 2], ["LIMIT", 1]]
  Rendering school_classes/show.html.erb within layouts/application
  Rendered school_classes/show.html.erb within layouts/application (0.5ms)
Completed 200 OK in 34ms (Views: 26.4ms | ActiveRecord: 0.2ms)


Started GET "/school_classes/2" for ::1 at 2019-11-24 00:03:52 -0800
Processing by SchoolClassesController#show as HTML
  Parameters: {"id"=>"2"}
  [1m[36mSchoolClass Load (0.2ms)[0m  [1m[34mSELECT  "school_classes".* FROM "school_classes" WHERE "school_classes"."id" = ? LIMIT ?[0m  [["id", 2], ["LIMIT", 1]]
  Rendering school_classes/show.html.erb within layouts/application
  Rendered school_classes/show.html.erb within layouts/application (0.8ms)
Completed 200 OK in 45ms (Views: 41.5ms | ActiveRecord: 0.2ms)


Started GET "/school_classes/2" for ::1 at 2019-11-24 00:03:58 -0800
Processing by SchoolClassesController#show as HTML
  Parameters: {"id"=>"2"}
  [1m[36mSchoolClass Load (0.1ms)[0m  [1m[34mSELECT  "school_classes".* FROM "school_classes" WHERE "school_classes"."id" = ? LIMIT ?[0m  [["id", 2], ["LIMIT", 1]]
  Rendering school_classes/show.html.erb within layouts/application
  Rendered school_classes/show.html.erb within layouts/application (0.6ms)
Completed 200 OK in 47ms (Views: 43.8ms | ActiveRecord: 0.1ms)


Started GET "/school_classes/" for ::1 at 2019-11-24 00:06:17 -0800
Processing by SchoolClassesController#index as HTML
  Rendering school_classes/index.html.erb within layouts/application
  [1m[36mSchoolClass Load (0.2ms)[0m  [1m[34mSELECT "school_classes".* FROM "school_classes"[0m
  Rendered school_classes/index.html.erb within layouts/application (16.3ms)
Completed 200 OK in 55ms (Views: 40.8ms | ActiveRecord: 1.1ms)


Started GET "/students" for ::1 at 2019-11-24 00:06:19 -0800
Processing by StudentsController#index as HTML
  Rendering students/index.html.erb within layouts/application
  [1m[36mStudent Load (0.3ms)[0m  [1m[34mSELECT "students".* FROM "students"[0m
  Rendered students/index.html.erb within layouts/application (11.5ms)
Completed 200 OK in 56ms (Views: 48.1ms | ActiveRecord: 2.0ms)


Started GET "/students" for ::1 at 2019-11-24 00:06:32 -0800
Processing by StudentsController#index as HTML
  Rendering students/index.html.erb within layouts/application
  [1m[36mStudent Load (0.3ms)[0m  [1m[34mSELECT "students".* FROM "students"[0m
  Rendered students/index.html.erb within layouts/application (9.3ms)
Completed 200 OK in 84ms (Views: 64.9ms | ActiveRecord: 0.3ms)


Started GET "/students/2" for ::1 at 2019-11-24 00:06:42 -0800
Processing by StudentsController#show as HTML
  Parameters: {"id"=>"2"}
  [1m[36mStudent Load (0.5ms)[0m  [1m[34mSELECT  "students".* FROM "students" WHERE (2) LIMIT ?[0m  [["LIMIT", 1]]
  Rendering students/show.html.erb within layouts/application
  Rendered students/show.html.erb within layouts/application (3.3ms)
Completed 200 OK in 57ms (Views: 49.3ms | ActiveRecord: 0.5ms)


Started GET "/students/2" for ::1 at 2019-11-24 00:06:45 -0800
Processing by StudentsController#show as HTML
  Parameters: {"id"=>"2"}
  [1m[36mStudent Load (0.3ms)[0m  [1m[34mSELECT  "students".* FROM "students" WHERE (2) LIMIT ?[0m  [["LIMIT", 1]]
  Rendering students/show.html.erb within layouts/application
  Rendered students/show.html.erb within layouts/application (0.5ms)
Completed 200 OK in 40ms (Views: 34.1ms | ActiveRecord: 0.3ms)


Started GET "/students/3" for ::1 at 2019-11-24 00:06:47 -0800
Processing by StudentsController#show as HTML
  Parameters: {"id"=>"3"}
  [1m[36mStudent Load (0.3ms)[0m  [1m[34mSELECT  "students".* FROM "students" WHERE (3) LIMIT ?[0m  [["LIMIT", 1]]
  Rendering students/show.html.erb within layouts/application
  Rendered students/show.html.erb within layouts/application (0.9ms)
Completed 200 OK in 40ms (Views: 34.3ms | ActiveRecord: 0.3ms)


Started GET "/students/4" for ::1 at 2019-11-24 00:06:50 -0800
Processing by StudentsController#show as HTML
  Parameters: {"id"=>"4"}
  [1m[36mStudent Load (0.5ms)[0m  [1m[34mSELECT  "students".* FROM "students" WHERE (4) LIMIT ?[0m  [["LIMIT", 1]]
  Rendering students/show.html.erb within layouts/application
  Rendered students/show.html.erb within layouts/application (1.2ms)
Completed 200 OK in 32ms (Views: 26.2ms | ActiveRecord: 0.5ms)


Started GET "/students/5" for ::1 at 2019-11-24 00:06:54 -0800
Processing by StudentsController#show as HTML
  Parameters: {"id"=>"5"}
  [1m[36mStudent Load (0.4ms)[0m  [1m[34mSELECT  "students".* FROM "students" WHERE (5) LIMIT ?[0m  [["LIMIT", 1]]
  Rendering students/show.html.erb within layouts/application
  Rendered students/show.html.erb within layouts/application (1.1ms)
Completed 200 OK in 62ms (Views: 58.5ms | ActiveRecord: 0.4ms)


Started GET "/students/1" for ::1 at 2019-11-24 00:06:56 -0800
Processing by StudentsController#show as HTML
  Parameters: {"id"=>"1"}
  [1m[36mStudent Load (0.3ms)[0m  [1m[34mSELECT  "students".* FROM "students" WHERE (1) LIMIT ?[0m  [["LIMIT", 1]]
  Rendering students/show.html.erb within layouts/application
  Rendered students/show.html.erb within layouts/application (0.8ms)
Completed 200 OK in 30ms (Views: 26.6ms | ActiveRecord: 0.3ms)


Started GET "/students/100" for ::1 at 2019-11-24 00:06:56 -0800
Processing by StudentsController#show as HTML
  Parameters: {"id"=>"100"}
  [1m[36mStudent Load (0.6ms)[0m  [1m[34mSELECT  "students".* FROM "students" WHERE (100) LIMIT ?[0m  [["LIMIT", 1]]
  Rendering students/show.html.erb within layouts/application
  Rendered students/show.html.erb within layouts/application (0.6ms)
Completed 200 OK in 42ms (Views: 36.6ms | ActiveRecord: 0.6ms)


Started GET "/students/" for ::1 at 2019-11-24 00:07:03 -0800
Processing by StudentsController#index as HTML
  Rendering students/index.html.erb within layouts/application
  [1m[36mStudent Load (0.5ms)[0m  [1m[34mSELECT "students".* FROM "students"[0m
  Rendered students/index.html.erb within layouts/application (2.6ms)
Completed 200 OK in 44ms (Views: 39.1ms | ActiveRecord: 0.5ms)


Started GET "/students/" for ::1 at 2019-11-24 00:07:34 -0800
Processing by StudentsController#index as HTML
  Rendering students/index.html.erb within layouts/application
  [1m[36mStudent Load (0.2ms)[0m  [1m[34mSELECT "students".* FROM "students"[0m
  Rendered students/index.html.erb within layouts/application (6.1ms)
Completed 500 Internal Server Error in 16ms (ActiveRecord: 0.2ms)


  
ActionView::Template::Error (No route matches {:action=>"show", :controller=>"students", :id=>nil} missing required keys: [:id]):
    1: <h1>Students</h1>
    2: <% @students.each do |student| %>
    3:     <%= link_to student.first_name student_path(@student) %> <%= student.last_name %><br>
    4: <% end %>
  
app/views/students/index.html.erb:3:in `block in _app_views_students_index_html_erb__3991483004694970042_70107564938660'
app/views/students/index.html.erb:2:in `_app_views_students_index_html_erb__3991483004694970042_70107564938660'
  Rendering /Users/Megan/.rvm/gems/ruby-2.6.1/gems/actionpack-5.0.7.1/lib/action_dispatch/middleware/templates/rescues/template_error.html.erb within rescues/layout
  Rendering /Users/Megan/.rvm/gems/ruby-2.6.1/gems/actionpack-5.0.7.1/lib/action_dispatch/middleware/templates/rescues/_source.html.erb
  Rendered /Users/Megan/.rvm/gems/ruby-2.6.1/gems/actionpack-5.0.7.1/lib/action_dispatch/middleware/templates/rescues/_source.html.erb (3.6ms)
  Rendering /Users/Megan/.rvm/gems/ruby-2.6.1/gems/actionpack-5.0.7.1/lib/action_dispatch/middleware/templates/rescues/_trace.html.erb
  Rendered /Users/Megan/.rvm/gems/ruby-2.6.1/gems/actionpack-5.0.7.1/lib/action_dispatch/middleware/templates/rescues/_trace.html.erb (1.8ms)
  Rendering /Users/Megan/.rvm/gems/ruby-2.6.1/gems/actionpack-5.0.7.1/lib/action_dispatch/middleware/templates/rescues/_request_and_response.html.erb
  Rendered /Users/Megan/.rvm/gems/ruby-2.6.1/gems/actionpack-5.0.7.1/lib/action_dispatch/middleware/templates/rescues/_request_and_response.html.erb (1.1ms)
  Rendered /Users/Megan/.rvm/gems/ruby-2.6.1/gems/actionpack-5.0.7.1/lib/action_dispatch/middleware/templates/rescues/template_error.html.erb within rescues/layout (47.8ms)
Started GET "/students/" for ::1 at 2019-11-24 00:08:38 -0800
Processing by StudentsController#index as HTML
  Rendering students/index.html.erb within layouts/application
  [1m[36mStudent Load (0.2ms)[0m  [1m[34mSELECT "students".* FROM "students"[0m
  Rendered students/index.html.erb within layouts/application (3.2ms)
Completed 500 Internal Server Error in 9ms (ActiveRecord: 0.2ms)


  
ActionView::Template::Error (No route matches {:action=>"show", :controller=>"students", :id=>nil} missing required keys: [:id]):
    1: <h1>Students</h1>
    2: <% @students.each do |student| %>
    3:     <%= link_to student.first_name, student_path(@student) %> <%= student.last_name %><br>
    4: <% end %>
  
app/views/students/index.html.erb:3:in `block in _app_views_students_index_html_erb__3991483004694970042_70107530485860'
app/views/students/index.html.erb:2:in `_app_views_students_index_html_erb__3991483004694970042_70107530485860'
  Rendering /Users/Megan/.rvm/gems/ruby-2.6.1/gems/actionpack-5.0.7.1/lib/action_dispatch/middleware/templates/rescues/template_error.html.erb within rescues/layout
  Rendering /Users/Megan/.rvm/gems/ruby-2.6.1/gems/actionpack-5.0.7.1/lib/action_dispatch/middleware/templates/rescues/_source.html.erb
  Rendered /Users/Megan/.rvm/gems/ruby-2.6.1/gems/actionpack-5.0.7.1/lib/action_dispatch/middleware/templates/rescues/_source.html.erb (3.6ms)
  Rendering /Users/Megan/.rvm/gems/ruby-2.6.1/gems/actionpack-5.0.7.1/lib/action_dispatch/middleware/templates/rescues/_trace.html.erb
  Rendered /Users/Megan/.rvm/gems/ruby-2.6.1/gems/actionpack-5.0.7.1/lib/action_dispatch/middleware/templates/rescues/_trace.html.erb (2.5ms)
  Rendering /Users/Megan/.rvm/gems/ruby-2.6.1/gems/actionpack-5.0.7.1/lib/action_dispatch/middleware/templates/rescues/_request_and_response.html.erb
  Rendered /Users/Megan/.rvm/gems/ruby-2.6.1/gems/actionpack-5.0.7.1/lib/action_dispatch/middleware/templates/rescues/_request_and_response.html.erb (5.9ms)
  Rendered /Users/Megan/.rvm/gems/ruby-2.6.1/gems/actionpack-5.0.7.1/lib/action_dispatch/middleware/templates/rescues/template_error.html.erb within rescues/layout (64.8ms)
Started GET "/students/" for ::1 at 2019-11-24 00:08:47 -0800
Processing by StudentsController#index as HTML
  Rendering students/index.html.erb within layouts/application
  [1m[36mStudent Load (0.3ms)[0m  [1m[34mSELECT "students".* FROM "students"[0m
  Rendered students/index.html.erb within layouts/application (2.3ms)
Completed 200 OK in 53ms (Views: 50.9ms | ActiveRecord: 0.3ms)


Started GET "/students/1" for ::1 at 2019-11-24 00:08:48 -0800
Processing by StudentsController#show as HTML
  Parameters: {"id"=>"1"}
  [1m[36mStudent Load (0.6ms)[0m  [1m[34mSELECT  "students".* FROM "students" WHERE (1) LIMIT ?[0m  [["LIMIT", 1]]
  Rendering students/show.html.erb within layouts/application
  Rendered students/show.html.erb within layouts/application (0.7ms)
Completed 200 OK in 62ms (Views: 55.8ms | ActiveRecord: 0.6ms)


Started GET "/students/3" for ::1 at 2019-11-24 00:08:50 -0800
Processing by StudentsController#show as HTML
  Parameters: {"id"=>"3"}
  [1m[36mStudent Load (1.6ms)[0m  [1m[34mSELECT  "students".* FROM "students" WHERE (3) LIMIT ?[0m  [["LIMIT", 1]]
  Rendering students/show.html.erb within layouts/application
  Rendered students/show.html.erb within layouts/application (0.6ms)
Completed 200 OK in 54ms (Views: 48.3ms | ActiveRecord: 1.6ms)


Started GET "/students/" for ::1 at 2019-11-24 00:09:14 -0800
Processing by StudentsController#index as HTML
  Rendering students/index.html.erb within layouts/application
  [1m[36mStudent Load (0.1ms)[0m  [1m[34mSELECT "students".* FROM "students"[0m
  Rendered students/index.html.erb within layouts/application (4.8ms)
Completed 500 Internal Server Error in 11ms (ActiveRecord: 0.1ms)


  
ActionView::Template::Error (wrong number of arguments (given 2, expected 0)):
    1: <h1>Students</h1>
    2: <% @students.each do |student| %>
    3:     <%= link_to student.first_name student.last_name, student_path(student) %><br>
    4: <% end %>
  
app/views/students/index.html.erb:3:in `block in _app_views_students_index_html_erb__3991483004694970042_70107529593620'
app/views/students/index.html.erb:2:in `_app_views_students_index_html_erb__3991483004694970042_70107529593620'
  Rendering /Users/Megan/.rvm/gems/ruby-2.6.1/gems/actionpack-5.0.7.1/lib/action_dispatch/middleware/templates/rescues/template_error.html.erb within rescues/layout
  Rendering /Users/Megan/.rvm/gems/ruby-2.6.1/gems/actionpack-5.0.7.1/lib/action_dispatch/middleware/templates/rescues/_source.html.erb
  Rendered /Users/Megan/.rvm/gems/ruby-2.6.1/gems/actionpack-5.0.7.1/lib/action_dispatch/middleware/templates/rescues/_source.html.erb (4.0ms)
  Rendering /Users/Megan/.rvm/gems/ruby-2.6.1/gems/actionpack-5.0.7.1/lib/action_dispatch/middleware/templates/rescues/_trace.html.erb
  Rendered /Users/Megan/.rvm/gems/ruby-2.6.1/gems/actionpack-5.0.7.1/lib/action_dispatch/middleware/templates/rescues/_trace.html.erb (3.8ms)
  Rendering /Users/Megan/.rvm/gems/ruby-2.6.1/gems/actionpack-5.0.7.1/lib/action_dispatch/middleware/templates/rescues/_request_and_response.html.erb
  Rendered /Users/Megan/.rvm/gems/ruby-2.6.1/gems/actionpack-5.0.7.1/lib/action_dispatch/middleware/templates/rescues/_request_and_response.html.erb (0.8ms)
  Rendered /Users/Megan/.rvm/gems/ruby-2.6.1/gems/actionpack-5.0.7.1/lib/action_dispatch/middleware/templates/rescues/template_error.html.erb within rescues/layout (55.2ms)
Started GET "/students/" for ::1 at 2019-11-24 00:09:31 -0800
Processing by StudentsController#index as HTML
  Rendering students/index.html.erb within layouts/application
  [1m[36mStudent Load (0.1ms)[0m  [1m[34mSELECT "students".* FROM "students"[0m
  Rendered students/index.html.erb within layouts/application (1.4ms)
Completed 200 OK in 53ms (Views: 50.1ms | ActiveRecord: 0.1ms)


Started GET "/students/1" for ::1 at 2019-11-24 00:09:33 -0800
Processing by StudentsController#show as HTML
  Parameters: {"id"=>"1"}
  [1m[36mStudent Load (0.2ms)[0m  [1m[34mSELECT  "students".* FROM "students" WHERE (1) LIMIT ?[0m  [["LIMIT", 1]]
  Rendering students/show.html.erb within layouts/application
  Rendered students/show.html.erb within layouts/application (0.9ms)
Completed 200 OK in 36ms (Views: 33.0ms | ActiveRecord: 0.2ms)


Started GET "/students/3" for ::1 at 2019-11-24 00:09:34 -0800
Processing by StudentsController#show as HTML
  Parameters: {"id"=>"3"}
  [1m[36mStudent Load (0.1ms)[0m  [1m[34mSELECT  "students".* FROM "students" WHERE (3) LIMIT ?[0m  [["LIMIT", 1]]
  Rendering students/show.html.erb within layouts/application
  Rendered students/show.html.erb within layouts/application (0.4ms)
Completed 200 OK in 24ms (Views: 22.7ms | ActiveRecord: 0.1ms)


